[2026-05-09T21:27:45Z] === ENRICH ITERATION 2 START | repo=tokio-rs/tokio sha=4d4d1261 ===
[2026-05-09T21:27:45Z] [iter=2] PHASE START: enrich repo=tokio-rs/tokio sha=4d4d1261 runlog=/home/runner/work/forx/forx/storage/aggregate/lsp/logs/4d4d1261-enrich-iter-002.log output=/home/runner/work/forx/forx/storage/aggregate/lsp/4d4d12613bb30f6b550421d6ce2c2c54eb5d341d.nq.gz
[2026-05-09T21:27:45Z] [iter=2] Step 1: Loading AST into disk-backed store mem_mb=77 MB
[2026-05-09T21:28:30Z] [iter=2] AST store loaded triples=4867423 load_secs=44 mem_mb=994 MB
[2026-05-09T21:28:30Z] [iter=2] Step 2: Finding LSP targets mem_mb=994 MB
[2026-05-09T21:28:42Z] [iter=2] LSP targets found call_sites=34782 imports=2551 extends=0 implements=879 secs=11
[2026-05-09T21:28:45Z] [iter=2] Loaded checkpoint partial graph triples=75400
[2026-05-09T21:28:54Z] [iter=2] Step 2.7: Building position index (one-shot, shared across resolvers) mem_mb=994 MB
[2026-05-09T21:29:24Z] [iter=2] Position index built positions=339986 nodes_with_types=398270 secs=29 mem_mb=1092 MB
[2026-05-09T21:29:24Z] [iter=2] Step 3: Starting LSP resolution mem_mb=1092 MB already_completed_types=[] already_completed_files=110
[2026-05-09T21:29:24Z] [iter=2] Resolving target type target_type=call_site count=34782
[2026-05-09T21:29:48Z] [iter=2] HEARTBEAT target_type=call_site elapsed_min=2.1 files_done=0 resolved=0 errors=0 current=tokio/src/signal/registry.rs
[2026-05-09T21:31:28Z] [iter=2] HEARTBEAT target_type=call_site elapsed_min=3.7 files_done=1 resolved=31 errors=42 current=tokio/src/util/idle_notified_set.rs
[2026-05-09T21:33:14Z] [iter=2] HEARTBEAT target_type=call_site elapsed_min=5.5 files_done=2 resolved=66 errors=108 current=tokio/src/sync/tests/loom_broadcast.rs
[2026-05-09T21:34:03Z] [iter=2] HEARTBEAT target_type=call_site elapsed_min=6.3 files_done=4 resolved=89 errors=138 current=tokio/tests/coop_budget.rs
[2026-05-09T21:37:03Z] [iter=2] HEARTBEAT target_type=call_site elapsed_min=9.3 files_done=6 resolved=190 errors=251 current=tokio-util/src/task/spawn_pinned.rs
[2026-05-09T21:37:59Z] [iter=2] HEARTBEAT target_type=call_site elapsed_min=10.2 files_done=7 resolved=226 errors=286 current=tokio/tests/tcp_connect.rs
[2026-05-09T21:40:41Z] [iter=2] HEARTBEAT target_type=call_site elapsed_min=12.9 files_done=10 resolved=398 errors=388 current=tokio/src/runtime/time/tests/mod.rs
[2026-05-09T21:44:34Z] [iter=2] HEARTBEAT target_type=call_site elapsed_min=16.8 files_done=11 resolved=444 errors=534 current=tokio/tests/io_buf_reader.rs
[2026-05-09T21:46:09Z] [iter=2] HEARTBEAT target_type=call_site elapsed_min=18.4 files_done=12 resolved=560 errors=594 current=tokio/src/runtime/scheduler/multi_thread/park.rs
[2026-05-09T21:46:46Z] [iter=2] HEARTBEAT target_type=call_site elapsed_min=19.0 files_done=14 resolved=629 errors=617 current=stress-test/examples/simple_echo_tcp.rs
[2026-05-09T21:47:33Z] [iter=2] HEARTBEAT target_type=call_site elapsed_min=19.8 files_done=15 resolved=636 errors=646 current=tokio/src/sync/once_cell.rs
[2026-05-09T21:48:08Z] [iter=2] HEARTBEAT target_type=call_site elapsed_min=20.4 files_done=16 resolved=703 errors=668 current=tokio/src/sync/mpsc/block.rs
[2026-05-09T21:48:53Z] [iter=2] HEARTBEAT target_type=call_site elapsed_min=21.1 files_done=17 resolved=753 errors=696 current=tokio-util/src/codec/length_delimited.rs
[2026-05-09T21:49:49Z] [iter=2] HEARTBEAT target_type=call_site elapsed_min=22.1 files_done=18 resolved=790 errors=731 current=tokio/src/runtime/io/driver.rs
[2026-05-09T21:50:29Z] [iter=2] HEARTBEAT target_type=call_site elapsed_min=22.7 files_done=19 resolved=824 errors=756 current=tokio/tests/process_kill_on_drop.rs
[2026-05-09T21:52:58Z] [iter=2] HEARTBEAT target_type=call_site elapsed_min=25.2 files_done=21 resolved=865 errors=850 current=tokio/src/runtime/tests/loom_multi_thread/queue.rs
[2026-05-09T21:54:08Z] [iter=2] HEARTBEAT target_type=call_site elapsed_min=26.4 files_done=23 resolved=900 errors=893 current=tokio/src/io/blocking.rs
[2026-05-09T21:55:01Z] [iter=2] HEARTBEAT target_type=call_site elapsed_min=27.3 files_done=24 resolved=951 errors=927 current=tokio/tests/io_join.rs
[2026-05-09T21:57:18Z] [iter=2] HEARTBEAT target_type=call_site elapsed_min=29.5 files_done=27 resolved=1012 errors=1013 current=tokio/src/net/udp.rs
[2026-05-09T21:58:06Z] [iter=2] HEARTBEAT target_type=call_site elapsed_min=30.4 files_done=28 resolved=1148 errors=1043 current=tokio/tests/net_named_pipe.rs
[2026-05-09T21:58:51Z] [iter=2] HEARTBEAT target_type=call_site elapsed_min=31.1 files_done=31 resolved=1203 errors=1071 current=tokio-stream/src/stream_ext/merge.rs
[2026-05-09T21:59:59Z] [iter=2] HEARTBEAT target_type=call_site elapsed_min=32.2 files_done=33 resolved=1233 errors=1114 current=tokio/src/sync/mpsc/bounded.rs
[2026-05-09T22:01:30Z] [iter=2] HEARTBEAT target_type=call_site elapsed_min=33.8 files_done=34 resolved=1330 errors=1172 current=tokio/tests/sync_notify.rs
[2026-05-09T22:05:20Z] [iter=2] HEARTBEAT target_type=call_site elapsed_min=37.6 files_done=35 resolved=1358 errors=1318 current=tokio/src/runtime/time/source.rs
[2026-05-09T22:06:08Z] [iter=2] HEARTBEAT target_type=call_site elapsed_min=38.4 files_done=38 resolved=1364 errors=1348 current=tokio/tests/udp.rs
[2026-05-09T22:09:01Z] [iter=2] HEARTBEAT target_type=call_site elapsed_min=41.3 files_done=40 resolved=1513 errors=1456 current=tokio-stream/src/stream_map.rs
[2026-05-09T22:09:35Z] [iter=2] HEARTBEAT target_type=call_site elapsed_min=41.8 files_done=41 resolved=1584 errors=1477 current=tokio/src/net/windows/named_pipe.rs
[2026-05-09T22:11:41Z] [iter=2] HEARTBEAT target_type=call_site elapsed_min=43.9 files_done=46 resolved=1640 errors=1557 current=tokio-util/src/codec/bytes_codec.rs
[2026-05-09T22:15:32Z] [iter=2] HEARTBEAT target_type=call_site elapsed_min=47.8 files_done=48 resolved=1677 errors=1703 current=tokio/tests/sync_watch.rs
[2026-05-09T22:19:00Z] [iter=2] HEARTBEAT target_type=call_site elapsed_min=51.3 files_done=49 resolved=1777 errors=1835 current=tests-integration/tests/process_stdio.rs
[2026-05-09T22:19:36Z] [iter=2] HEARTBEAT target_type=call_site elapsed_min=51.9 files_done=51 resolved=1805 errors=1858 current=tokio/tests/task_hooks.rs
[2026-05-09T22:20:23Z] [iter=2] HEARTBEAT target_type=call_site elapsed_min=52.6 files_done=54 resolved=1838 errors=1888 current=tokio/tests/sync_oneshot.rs
[2026-05-09T22:22:58Z] [iter=2] HEARTBEAT target_type=call_site elapsed_min=55.2 files_done=55 resolved=1942 errors=1986 current=tokio/src/sync/task/atomic_waker.rs
[2026-05-09T22:24:22Z] [iter=2] HEARTBEAT target_type=call_site elapsed_min=56.6 files_done=57 resolved=2095 errors=2039 current=tokio/tests/time_timeout.rs
[2026-05-09T22:25:59Z] [iter=2] HEARTBEAT target_type=call_site elapsed_min=58.2 files_done=58 resolved=2109 errors=2101 current=tokio/src/sync/mpsc/chan.rs
[2026-05-09T22:27:20Z] [iter=2] HEARTBEAT target_type=call_site elapsed_min=59.6 files_done=59 resolved=2176 errors=2152 current=tokio-util/src/time/delay_queue.rs
[2026-05-09T22:28:50Z] [iter=2] HEARTBEAT target_type=call_site elapsed_min=61.1 files_done=60 resolved=2298 errors=2209 current=tokio/src/net/unix/ucred.rs
[2026-05-09T22:29:25Z] [iter=2] HEARTBEAT target_type=call_site elapsed_min=61.7 files_done=63 resolved=2351 errors=2230 current=tokio-stream/tests/stream_timeout.rs
[2026-05-09T22:31:04Z] [iter=2] HEARTBEAT target_type=call_site elapsed_min=63.3 files_done=66 resolved=2431 errors=2293 current=tokio-util/tests/sync_cancellation_token.rs
[2026-05-09T22:33:56Z] [iter=2] HEARTBEAT target_type=call_site elapsed_min=66.2 files_done=67 resolved=2553 errors=2402 current=tokio/src/fs/metadata.rs
[2026-05-09T22:35:41Z] [iter=2] HEARTBEAT target_type=call_site elapsed_min=67.9 files_done=70 resolved=2637 errors=2468 current=tokio/tests/net_panic.rs
[2026-05-09T22:37:02Z] [iter=2] HEARTBEAT target_type=call_site elapsed_min=69.3 files_done=71 resolved=2677 errors=2519 current=tokio/src/runtime/local_runtime/runtime.rs
[2026-05-09T22:38:13Z] [iter=2] HEARTBEAT target_type=call_site elapsed_min=70.5 files_done=73 resolved=2722 errors=2564 current=tokio/tests/fs_try_exists.rs
[2026-05-09T22:41:25Z] [iter=2] HEARTBEAT target_type=call_site elapsed_min=73.7 files_done=75 resolved=2799 errors=2686 current=examples/dump.rs
[2026-05-09T22:42:47Z] [iter=2] HEARTBEAT target_type=call_site elapsed_min=75.0 files_done=78 resolved=2868 errors=2738 current=tokio/src/runtime/tests/loom_current_thread/yield_now.rs
[2026-05-09T22:43:18Z] [iter=2] HEARTBEAT target_type=call_site elapsed_min=75.6 files_done=81 resolved=2898 errors=2758 current=tokio/tests/io_read_to_end.rs
[2026-05-09T22:43:58Z] [iter=2] HEARTBEAT target_type=call_site elapsed_min=76.2 files_done=82 resolved=2912 errors=2783 current=tokio/src/net/tcp/stream.rs
[2026-05-09T22:44:48Z] [iter=2] HEARTBEAT target_type=call_site elapsed_min=77.1 files_done=83 resolved=2978 errors=2815 current=tokio/src/net/unix/datagram/socket.rs
[2026-05-09T22:45:28Z] [iter=2] HEARTBEAT target_type=call_site elapsed_min=77.7 files_done=84 resolved=3056 errors=2840 current=tokio/tests/rt_poll_callbacks.rs
[2026-05-09T22:46:56Z] [iter=2] HEARTBEAT target_type=call_site elapsed_min=79.2 files_done=87 resolved=3096 errors=2896 current=tokio/src/runtime/metrics/scheduler.rs
[2026-05-09T22:50:06Z] [iter=2] HEARTBEAT target_type=call_site elapsed_min=82.3 files_done=91 resolved=3232 errors=3016 current=tokio/tests/io_driver_drop.rs
[2026-05-09T22:50:42Z] [iter=2] HEARTBEAT target_type=call_site elapsed_min=82.9 files_done=92 resolved=3239 errors=3039 current=tokio/tests/io_read.rs
[2026-05-09T22:51:40Z] [iter=2] HEARTBEAT target_type=call_site elapsed_min=83.9 files_done=95 resolved=3271 errors=3076 current=tokio/src/io/util/lines.rs
[2026-05-09T22:52:12Z] [iter=2] HEARTBEAT target_type=call_site elapsed_min=84.5 files_done=97 resolved=3321 errors=3096 current=tokio/tests/sync_mpsc_weak.rs
[2026-05-09T22:54:58Z] [iter=2] HEARTBEAT target_type=call_site elapsed_min=87.2 files_done=98 resolved=3469 errors=3201 current=tokio/tests/tcp_accept.rs
[2026-05-09T22:55:31Z] [iter=2] HEARTBEAT target_type=call_site elapsed_min=87.8 files_done=100 resolved=3527 errors=3222 current=tokio/src/process/unix/reap.rs
[2026-05-09T22:56:02Z] [iter=2] HEARTBEAT target_type=call_site elapsed_min=88.3 files_done=101 resolved=3586 errors=3242 current=tokio-util/src/sync/reusable_box.rs
[2026-05-09T22:57:45Z] [iter=2] HEARTBEAT target_type=call_site elapsed_min=90.0 files_done=104 resolved=3644 errors=3307 current=tokio/src/runtime/scheduler/multi_thread/trace.rs
[2026-05-09T22:58:17Z] [iter=2] HEARTBEAT target_type=call_site elapsed_min=90.5 files_done=108 resolved=3687 errors=3327 current=tokio/tests/io_mem_stream.rs
[2026-05-09T22:59:23Z] [iter=2] HEARTBEAT target_type=call_site elapsed_min=91.6 files_done=109 resolved=3706 errors=3369 current=tokio/src/io/util/buf_reader.rs
[2026-05-09T23:00:10Z] [iter=2] HEARTBEAT target_type=call_site elapsed_min=92.4 files_done=110 resolved=3784 errors=3399 current=tokio/src/runtime/scheduler/multi_thread/worker/taskdump.rs
[2026-05-09T23:02:37Z] [iter=2] HEARTBEAT target_type=call_site elapsed_min=94.9 files_done=113 resolved=3814 errors=3492 current=tokio-stream/src/wrappers/lines.rs
[2026-05-09T23:03:12Z] [iter=2] HEARTBEAT target_type=call_site elapsed_min=95.4 files_done=116 resolved=3853 errors=3514 current=tokio/tests/io_write_all_buf.rs
[2026-05-09T23:03:44Z] [iter=2] HEARTBEAT target_type=call_site elapsed_min=96.0 files_done=118 resolved=3945 errors=3534 current=tokio-util/src/net/unix/mod.rs
[2026-05-09T23:05:27Z] [iter=2] HEARTBEAT target_type=call_site elapsed_min=97.7 files_done=123 resolved=4028 errors=3600 current=tokio/tests/tcp_socket.rs
[2026-05-09T23:06:21Z] [iter=2] HEARTBEAT target_type=call_site elapsed_min=98.6 files_done=126 resolved=4064 errors=3634 current=tokio/src/runtime/context/current.rs
[2026-05-09T23:07:46Z] [iter=2] HEARTBEAT target_type=call_site elapsed_min=100.0 files_done=128 resolved=4087 errors=3688 current=tokio/src/runtime/tests/loom_join_set.rs
[2026-05-09T23:08:41Z] [iter=2] HEARTBEAT target_type=call_site elapsed_min=100.9 files_done=130 resolved=4092 errors=3723 current=tokio/src/runtime/tests/loom_local.rs
[2026-05-09T23:09:32Z] [iter=2] HEARTBEAT target_type=call_site elapsed_min=101.8 files_done=136 resolved=4167 errors=3755 current=tokio-util/src/time/wheel/mod.rs
[2026-05-09T23:11:02Z] [iter=2] HEARTBEAT target_type=call_site elapsed_min=103.3 files_done=138 resolved=4233 errors=3811 current=tokio-util/src/task/task_tracker.rs
[2026-05-09T23:11:50Z] [iter=2] HEARTBEAT target_type=call_site elapsed_min=104.1 files_done=139 resolved=4276 errors=3842 current=tokio/src/fs/file.rs
[2026-05-09T23:14:56Z] [iter=2] HEARTBEAT target_type=call_site elapsed_min=107.2 files_done=140 resolved=4382 errors=3960 current=tokio/tests/io_read_until.rs
[2026-05-09T23:15:40Z] [iter=2] HEARTBEAT target_type=call_site elapsed_min=107.9 files_done=141 resolved=4401 errors=3988 current=tokio-util/src/io/reader_stream.rs
[2026-05-09T23:16:11Z] [iter=2] HEARTBEAT target_type=call_site elapsed_min=108.4 files_done=144 resolved=4435 errors=4007 current=tokio/src/loom/std/barrier.rs
[2026-05-09T23:17:32Z] [iter=2] HEARTBEAT target_type=call_site elapsed_min=109.8 files_done=146 resolved=4466 errors=4058 current=tokio/src/net/unix/split_owned.rs
[2026-05-09T23:18:41Z] [iter=2] HEARTBEAT target_type=call_site elapsed_min=110.9 files_done=148 resolved=4548 errors=4102 current=tokio/src/io/util/read_to_end.rs
[2026-05-09T23:19:17Z] [iter=2] HEARTBEAT target_type=call_site elapsed_min=111.5 files_done=149 resolved=4563 errors=4125 current=tokio/src/sync/watch.rs
[2026-05-09T23:20:43Z] [iter=2] HEARTBEAT target_type=call_site elapsed_min=113.0 files_done=150 resolved=4646 errors=4179 current=tokio/src/runtime/task/id.rs
[2026-05-09T23:21:46Z] [iter=2] HEARTBEAT target_type=call_site elapsed_min=114.0 files_done=153 resolved=4664 errors=4219 current=benches/fs.rs
[2026-05-09T23:22:36Z] [iter=2] HEARTBEAT target_type=call_site elapsed_min=114.9 files_done=154 resolved=4677 errors=4251 current=tokio/tests/io_poll_aio.rs
[2026-05-09T23:23:13Z] [iter=2] HEARTBEAT target_type=call_site elapsed_min=115.5 files_done=156 resolved=4739 errors=4273 current=tokio/src/runtime/park.rs
[2026-05-09T23:23:48Z] [iter=2] HEARTBEAT target_type=call_site elapsed_min=116.1 files_done=157 resolved=4795 errors=4295 current=tokio/src/io/interest.rs
[2026-05-09T23:24:21Z] [iter=2] HEARTBEAT target_type=call_site elapsed_min=116.6 files_done=158 resolved=4816 errors=4316 current=tokio-util/src/util/maybe_dangling.rs
[2026-05-09T23:24:53Z] [iter=2] HEARTBEAT target_type=call_site elapsed_min=117.1 files_done=161 resolved=4836 errors=4336 current=tokio/src/runtime/task/harness.rs
[2026-05-09T23:27:18Z] [iter=2] HEARTBEAT target_type=call_site elapsed_min=119.6 files_done=162 resolved=4898 errors=4428 current=tokio/tests/time_pause.rs
[2026-05-09T23:27:53Z] [iter=2] HEARTBEAT target_type=call_site elapsed_min=120.1 files_done=164 resolved=4906 errors=4450 current=tokio/src/io/async_read.rs
[2026-05-09T23:28:32Z] [iter=2] HEARTBEAT target_type=call_site elapsed_min=120.8 files_done=167 resolved=4945 errors=4475 current=tokio/tests/io_split.rs
[2026-05-09T23:29:08Z] [iter=2] HEARTBEAT target_type=call_site elapsed_min=121.4 files_done=170 resolved=4985 errors=4498 current=tokio/src/io/util/write_int.rs
[2026-05-09T23:29:43Z] [iter=2] HEARTBEAT target_type=call_site elapsed_min=122.0 files_done=171 resolved=4985 errors=4520 current=tokio/src/runtime/task/list.rs
[2026-05-09T23:30:40Z] [iter=2] HEARTBEAT target_type=call_site elapsed_min=122.9 files_done=172 resolved=5014 errors=4556 current=tokio/src/net/unix/socket.rs
[2026-05-09T23:31:11Z] [iter=2] HEARTBEAT target_type=call_site elapsed_min=123.4 files_done=174 resolved=5051 errors=4576 current=tokio/src/fs/read_to_string.rs
[2026-05-09T23:31:52Z] [iter=2] HEARTBEAT target_type=call_site elapsed_min=124.1 files_done=177 resolved=5077 errors=4602 current=tokio/src/util/ptr_expose.rs
[2026-05-09T23:32:33Z] [iter=2] HEARTBEAT target_type=call_site elapsed_min=124.8 files_done=179 resolved=5128 errors=4628 current=tokio-stream/src/stream_ext/skip_while.rs
[2026-05-09T23:33:03Z] [iter=2] HEARTBEAT target_type=call_site elapsed_min=125.3 files_done=181 resolved=5144 errors=4647 current=tokio-stream/src/stream_ext/collect.rs
[2026-05-09T23:33:48Z] [iter=2] HEARTBEAT target_type=call_site elapsed_min=126.0 files_done=184 resolved=5175 errors=4675 current=tokio/src/loom/std/rwlock.rs
[2026-05-09T23:34:57Z] [iter=2] HEARTBEAT target_type=call_site elapsed_min=127.2 files_done=188 resolved=5257 errors=4719 current=tokio/tests/io_copy_bidirectional.rs
[2026-05-09T23:36:06Z] [iter=2] HEARTBEAT target_type=call_site elapsed_min=128.4 files_done=189 resolved=5289 errors=4763 current=tokio/src/net/unix/split.rs
[2026-05-09T23:37:06Z] [iter=2] HEARTBEAT target_type=call_site elapsed_min=129.4 files_done=192 resolved=5340 errors=4801 current=tokio/src/net/tcp/listener.rs
[2026-05-09T23:37:39Z] [iter=2] HEARTBEAT target_type=call_site elapsed_min=129.9 files_done=193 resolved=5366 errors=4822 current=tokio/tests/io_write_buf.rs
[2026-05-09T23:38:54Z] [iter=2] HEARTBEAT target_type=call_site elapsed_min=131.1 files_done=197 resolved=5409 errors=4869 current=tokio/src/io/util/empty.rs
[2026-05-09T23:39:28Z] [iter=2] HEARTBEAT target_type=call_site elapsed_min=131.7 files_done=199 resolved=5455 errors=4891 current=tokio/src/time/sleep.rs
[2026-05-09T23:40:11Z] [iter=2] HEARTBEAT target_type=call_site elapsed_min=132.4 files_done=200 resolved=5470 errors=4918 current=tokio-util/tests/io_sink_writer.rs
[2026-05-09T23:41:00Z] [iter=2] HEARTBEAT target_type=call_site elapsed_min=133.3 files_done=202 resolved=5494 errors=4949 current=tokio/src/sync/mutex.rs
[2026-05-09T23:42:13Z] [iter=2] HEARTBEAT target_type=call_site elapsed_min=134.5 files_done=203 resolved=5561 errors=4995 current=tokio/tests/process_smoke.rs
[2026-05-09T23:43:25Z] [iter=2] HEARTBEAT target_type=call_site elapsed_min=135.7 files_done=205 resolved=5602 errors=5041 current=tokio/tests/no_rt.rs
[2026-05-09T23:44:10Z] [iter=2] HEARTBEAT target_type=call_site elapsed_min=136.4 files_done=208 resolved=5653 errors=5069 current=tokio/tests/tcp_split.rs
[2026-05-09T23:44:46Z] [iter=2] HEARTBEAT target_type=call_site elapsed_min=137.0 files_done=216 resolved=5684 errors=5092 current=tokio/src/runtime/context/blocking.rs
[2026-05-09T23:45:21Z] [iter=2] HEARTBEAT target_type=call_site elapsed_min=137.6 files_done=217 resolved=5692 errors=5114 current=tokio/src/net/tcp/socket.rs
[2026-05-09T23:45:59Z] [iter=2] HEARTBEAT target_type=call_site elapsed_min=138.2 files_done=218 resolved=5730 errors=5138 current=tokio/src/net/tcp/split.rs
[2026-05-09T23:46:41Z] [iter=2] HEARTBEAT target_type=call_site elapsed_min=138.9 files_done=220 resolved=5771 errors=5165 current=tokio/tests/sync_broadcast_weak.rs
[2026-05-09T23:47:37Z] [iter=2] HEARTBEAT target_type=call_site elapsed_min=139.9 files_done=221 resolved=5821 errors=5200 current=tokio/tests/tcp_into_std.rs
[2026-05-09T23:49:55Z] [iter=2] HEARTBEAT target_type=call_site elapsed_min=142.2 files_done=224 resolved=5889 errors=5288 current=tokio/src/loom/mocked.rs
[2026-05-09T23:50:38Z] [iter=2] HEARTBEAT target_type=call_site elapsed_min=142.9 files_done=228 resolved=5907 errors=5315 current=tokio/src/runtime/task/raw.rs
[2026-05-09T23:51:44Z] [iter=2] HEARTBEAT target_type=call_site elapsed_min=144.0 files_done=229 resolved=5923 errors=5357 current=tokio/src/runtime/task/mod.rs
[2026-05-09T23:52:25Z] [iter=2] HEARTBEAT target_type=call_site elapsed_min=144.7 files_done=230 resolved=5941 errors=5383 current=tokio-stream/tests/stream_collect.rs
[2026-05-09T23:53:50Z] [iter=2] HEARTBEAT target_type=call_site elapsed_min=146.1 files_done=231 resolved=5985 errors=5437 current=tokio-util/tests/context.rs
[2026-05-09T23:54:26Z] [iter=2] HEARTBEAT target_type=call_site elapsed_min=146.7 files_done=235 resolved=6036 errors=5460 current=tokio/tests/process_arg0.rs
[2026-05-09T23:54:56Z] [iter=2] HEARTBEAT target_type=call_site elapsed_min=147.2 files_done=238 resolved=6073 errors=5479 current=tokio-util/tests/io_reader_stream.rs
[2026-05-09T23:55:39Z] [iter=2] HEARTBEAT target_type=call_site elapsed_min=147.9 files_done=242 resolved=6092 errors=5506 current=tokio/src/runtime/time/wheel/mod.rs
[2026-05-09T23:56:34Z] [iter=2] HEARTBEAT target_type=call_site elapsed_min=148.8 files_done=245 resolved=6144 errors=5541 current=tokio/src/sync/mpsc/unbounded.rs
[2026-05-09T23:57:23Z] [iter=2] HEARTBEAT target_type=call_site elapsed_min=149.6 files_done=247 resolved=6202 errors=5572 current=tokio/src/io/bsd/poll_aio.rs
[2026-05-09T23:58:08Z] [iter=2] HEARTBEAT target_type=call_site elapsed_min=150.4 files_done=250 resolved=6267 errors=5600 current=tokio-util/tests/framed.rs
[2026-05-09T23:58:52Z] [iter=2] HEARTBEAT target_type=call_site elapsed_min=151.1 files_done=251 resolved=6291 errors=5628 current=tokio-util/tests/compat.rs
[2026-05-09T23:59:34Z] [iter=2] HEARTBEAT target_type=call_site elapsed_min=151.8 files_done=253 resolved=6303 errors=5655 current=tokio/src/net/unix/stream.rs
[2026-05-10T00:00:23Z] [iter=2] HEARTBEAT target_type=call_site elapsed_min=152.6 files_done=254 resolved=6363 errors=5686 current=tokio/tests/process_issue_2174.rs
[2026-05-10T00:01:12Z] [iter=2] HEARTBEAT target_type=call_site elapsed_min=153.5 files_done=261 resolved=6451 errors=5717 current=tokio/src/io/util/write_all.rs
[2026-05-10T00:01:53Z] [iter=2] HEARTBEAT target_type=call_site elapsed_min=154.1 files_done=264 resolved=6467 errors=5743 current=tokio/src/io/util/write_vectored.rs
[2026-05-10T00:02:36Z] [iter=2] HEARTBEAT target_type=call_site elapsed_min=154.8 files_done=267 resolved=6471 errors=5770 current=tokio-stream/tests/stream_pending.rs
[2026-05-10T00:03:20Z] [iter=2] HEARTBEAT target_type=call_site elapsed_min=155.6 files_done=271 resolved=6493 errors=5798 current=tokio/src/util/markers.rs
[2026-05-10T00:04:26Z] [iter=2] HEARTBEAT target_type=call_site elapsed_min=156.7 files_done=273 resolved=6533 errors=5840 current=tests-build/tests/pass/macros_main_loop.rs
[2026-05-10T00:05:25Z] [iter=2] HEARTBEAT target_type=call_site elapsed_min=157.7 files_done=279 resolved=6577 errors=5877 current=tokio/src/task/coop/mod.rs
[2026-05-10T00:06:33Z] [iter=2] HEARTBEAT target_type=call_site elapsed_min=158.8 files_done=280 resolved=6601 errors=5920 current=tokio/tests/process_raw_handle.rs
[2026-05-10T00:07:08Z] [iter=2] HEARTBEAT target_type=call_site elapsed_min=159.4 files_done=287 resolved=6625 errors=5942 current=tokio/tests/signal_drop_signal.rs
[2026-05-10T00:08:14Z] [iter=2] HEARTBEAT target_type=call_site elapsed_min=160.5 files_done=292 resolved=6659 errors=5984 current=tokio/src/io/poll_evented.rs
[2026-05-10T00:08:53Z] [iter=2] HEARTBEAT target_type=call_site elapsed_min=161.1 files_done=294 resolved=6689 errors=6009 current=tokio/src/io/util/write.rs
[2026-05-10T00:09:26Z] [iter=2] HEARTBEAT target_type=call_site elapsed_min=161.7 files_done=297 resolved=6707 errors=6030 current=tokio-util/src/sync/cancellation_token/tree_node.rs
[2026-05-10T00:11:04Z] [iter=2] HEARTBEAT target_type=call_site elapsed_min=163.3 files_done=298 resolved=6737 errors=6092 current=tokio/src/fs/set_permissions.rs
[2026-05-10T00:12:44Z] [iter=2] HEARTBEAT target_type=call_site elapsed_min=165.0 files_done=302 resolved=6787 errors=6155 current=examples/named-pipe.rs
[2026-05-10T00:13:16Z] [iter=2] HEARTBEAT target_type=call_site elapsed_min=165.5 files_done=305 resolved=6814 errors=6175 current=tokio/src/io/stdout.rs
[2026-05-10T00:15:07Z] [iter=2] HEARTBEAT target_type=call_site elapsed_min=167.4 files_done=307 resolved=6862 errors=6246 current=tokio-macros/src/select.rs
[2026-05-10T00:16:48Z] [iter=2] HEARTBEAT target_type=call_site elapsed_min=169.1 files_done=309 resolved=6883 errors=6310 current=tokio-stream/src/stream_ext/fuse.rs
[2026-05-10T00:17:22Z] [iter=2] HEARTBEAT target_type=call_site elapsed_min=169.6 files_done=313 resolved=6907 errors=6331 current=tokio/src/runtime/scheduler/inject/rt_multi_thread.rs
[2026-05-10T00:18:33Z] [iter=2] HEARTBEAT target_type=call_site elapsed_min=170.8 files_done=316 resolved=6956 errors=6376 current=tokio-util/src/sync/poll_semaphore.rs
[2026-05-10T00:19:12Z] [iter=2] HEARTBEAT target_type=call_site elapsed_min=171.5 files_done=319 resolved=7004 errors=6401 current=tokio-stream/src/stream_ext/filter.rs
[2026-05-10T00:19:48Z] [iter=2] HEARTBEAT target_type=call_site elapsed_min=172.1 files_done=325 resolved=7037 errors=6424 current=examples/custom-executor-tokio-context.rs
[2026-05-10T00:20:40Z] [iter=2] HEARTBEAT target_type=call_site elapsed_min=172.9 files_done=328 resolved=7061 errors=6457 current=tokio-stream/src/stream_ext/chunks_timeout.rs
[2026-05-10T00:21:45Z] [iter=2] HEARTBEAT target_type=call_site elapsed_min=174.0 files_done=330 resolved=7168 errors=6498 current=tokio/src/runtime/io/metrics.rs
[2026-05-10T00:22:17Z] [iter=2] HEARTBEAT target_type=call_site elapsed_min=174.5 files_done=335 resolved=7205 errors=6518 current=tokio/src/runtime/tests/loom_multi_thread/shutdown.rs
[2026-05-10T00:22:52Z] [iter=2] HEARTBEAT target_type=call_site elapsed_min=175.1 files_done=337 resolved=7243 errors=6540 current=tokio/tests/process_issue_42.rs
[2026-05-10T00:23:25Z] [iter=2] HEARTBEAT target_type=call_site elapsed_min=175.7 files_done=341 resolved=7267 errors=6561 current=tokio/src/io/async_seek.rs
[2026-05-10T00:23:55Z] [iter=2] HEARTBEAT target_type=call_site elapsed_min=176.2 files_done=346 resolved=7297 errors=6580 current=tokio/tests/fs_symlink_file_windows.rs
[2026-05-10T00:24:26Z] [iter=2] HEARTBEAT target_type=call_site elapsed_min=176.7 files_done=350 resolved=7315 errors=6600 current=tokio/src/runtime/thread_id.rs
[2026-05-10T00:24:59Z] [iter=2] HEARTBEAT target_type=call_site elapsed_min=177.2 files_done=353 resolved=7326 errors=6621 current=tokio/src/io/util/vec_with_initialized.rs
[2026-05-10T00:25:39Z] [iter=2] HEARTBEAT target_type=call_site elapsed_min=177.9 files_done=354 resolved=7335 errors=6646 current=tokio/src/util/atomic_cell.rs
[2026-05-10T00:26:29Z] [iter=2] HEARTBEAT target_type=call_site elapsed_min=178.7 files_done=362 resolved=7372 errors=6678 current=tokio-stream/src/wrappers/split.rs
[2026-05-10T00:27:06Z] [iter=2] HEARTBEAT target_type=call_site elapsed_min=179.3 files_done=367 resolved=7399 errors=6701 current=tokio-stream/src/stream_ext/throttle.rs
[2026-05-10T00:27:47Z] [iter=2] HEARTBEAT target_type=call_site elapsed_min=180.0 files_done=374 resolved=7432 errors=6727 current=tokio/src/runtime/scheduler/inject/pop.rs
[2026-05-10T00:28:28Z] [iter=2] HEARTBEAT target_type=call_site elapsed_min=180.7 files_done=378 resolved=7462 errors=6753 current=tokio/tests/io_util_empty.rs
[2026-05-10T00:29:03Z] [iter=2] HEARTBEAT target_type=call_site elapsed_min=181.3 files_done=387 resolved=7528 errors=6775 current=tokio/tests/task_yield_now.rs
[2026-05-10T00:29:48Z] [iter=2] HEARTBEAT target_type=call_site elapsed_min=182.0 files_done=391 resolved=7561 errors=6803 current=tokio/tests/join_handle_panic.rs
[2026-05-10T00:30:40Z] [iter=2] HEARTBEAT target_type=call_site elapsed_min=182.9 files_done=395 resolved=7589 errors=6836 current=tokio/tests/sync_errors.rs
[2026-05-10T00:31:29Z] [iter=2] HEARTBEAT target_type=call_site elapsed_min=183.7 files_done=400 resolved=7606 errors=6867 current=tokio/src/loom/std/atomic_usize.rs
[2026-05-10T00:32:05Z] [iter=2] HEARTBEAT target_type=call_site elapsed_min=184.3 files_done=404 resolved=7623 errors=6890 current=tokio/src/fs/hard_link.rs
[2026-05-10T00:32:37Z] [iter=2] HEARTBEAT target_type=call_site elapsed_min=184.9 files_done=409 resolved=7640 errors=6910 current=tokio/src/io/seek.rs
[2026-05-10T00:33:43Z] [iter=2] HEARTBEAT target_type=call_site elapsed_min=186.0 files_done=414 resolved=7678 errors=6952 current=tokio/src/future/mod.rs
[2026-05-10T00:34:15Z] [iter=2] HEARTBEAT target_type=call_site elapsed_min=186.5 files_done=422 resolved=7712 errors=6972 current=tokio/src/runtime/scheduler/multi_thread/handle/metrics.rs
[2026-05-10T00:34:53Z] [iter=2] HEARTBEAT target_type=call_site elapsed_min=187.1 files_done=428 resolved=7726 errors=6996 current=tokio/tests/unwindsafe.rs
[2026-05-10T00:35:25Z] [iter=2] HEARTBEAT target_type=call_site elapsed_min=187.7 files_done=432 resolved=7728 errors=7016 current=tokio/src/util/rand/rt_unstable.rs
[2026-05-10T00:36:01Z] [iter=2] HEARTBEAT target_type=call_site elapsed_min=188.3 files_done=440 resolved=7752 errors=7039 current=tokio/src/io/split.rs
[2026-05-10T00:36:33Z] [iter=2] HEARTBEAT target_type=call_site elapsed_min=188.8 files_done=441 resolved=7761 errors=7059 current=tokio/tests/signal_twice.rs
[2026-05-10T00:37:03Z] [iter=2] HEARTBEAT target_type=call_site elapsed_min=189.3 files_done=446 resolved=7766 errors=7078 current=tokio/src/fs/symlink_metadata.rs
[2026-05-10T00:37:34Z] [iter=2] HEARTBEAT target_type=call_site elapsed_min=189.8 files_done=459 resolved=7814 errors=7097 current=tokio/src/task/yield_now.rs
[2026-05-10T00:38:07Z] [iter=2] HEARTBEAT target_type=call_site elapsed_min=190.4 files_done=467 resolved=7829 errors=7118 current=tokio/tests/test_clock.rs
[2026-05-10T00:38:56Z] [iter=2] HEARTBEAT target_type=call_site elapsed_min=191.2 files_done=470 resolved=7843 errors=7149 current=tokio-stream/src/wrappers/mpsc_unbounded.rs
[2026-05-10T00:39:28Z] [iter=2] HEARTBEAT target_type=call_site elapsed_min=191.7 files_done=481 resolved=7882 errors=7169 current=tokio/tests/signal_no_rt.rs
[2026-05-10T00:40:01Z] [iter=2] HEARTBEAT target_type=call_site elapsed_min=192.3 files_done=493 resolved=7894 errors=7190 current=tokio/src/runtime/metrics/io.rs
[2026-05-10T00:40:31Z] [iter=2] HEARTBEAT target_type=call_site elapsed_min=192.8 files_done=499 resolved=7901 errors=7209 current=tokio/src/macros/support.rs
[2026-05-10T00:40:33Z] [iter=2] CHECKPOINT TRIGGERED elapsed_min=192.8 files_completed=610 new_files_this_iter=500 mem_mb=1185 MB
[2026-05-10T00:40:33Z] [iter=2] Writing partial enrichment graph path=/home/runner/work/forx/forx/storage/aggregate/lsp/4d4d12613bb30f6b550421d6ce2c2c54eb5d341d.nq.gz triples=172981
[2026-05-10T00:40:36Z] [iter=2] Checkpoint written, exiting with code 7
[2026-05-10T00:40:36Z] [iter=2] PHASE END: enrich (checkpointed) elapsed_s=11568 elapsed_min=192.8 files_completed=610
